INFO 2020-12-14 14:58:55,671 root : Сервер доступний. Час на сервері: 2020-12-14
INFO 2020-12-14 14:58:55,672 root : Запитувана сторінка: : http://localhost:8000/health/
INFO 2020-12-14 14:58:55,672 root : Відповідь сервера містить наступні поля:
INFO 2020-12-14 14:58:55,672 root : Ключ: date, Значення: 2020-12-14
INFO 2020-12-14 14:58:55,672 root : Ключ: current_page, Значення: http://localhost:8000/health/
INFO 2020-12-14 14:58:55,672 root : Ключ: server_info, Значення: c5079925239f
INFO 2020-12-14 14:58:55,672 root : Ключ: client_info, Значення: {'user_agent': 'python-requests/2.25.0', 'user_ip': '172.17.0.1', 'user_host': ''}
INFO 2020-12-14 14:59:55,671 root : Сервер доступний. Час на сервері: 2020-12-14
INFO 2020-12-14 14:59:55,672 root : Запитувана сторінка: : http://localhost:8000/health/
INFO 2020-12-14 14:59:55,672 root : Відповідь сервера містить наступні поля:
INFO 2020-12-14 14:59:55,672 root : Ключ: date, Значення: 2020-12-14
INFO 2020-12-14 14:59:55,672 root : Ключ: current_page, Значення: http://localhost:8000/health/
INFO 2020-12-14 14:59:55,672 root : Ключ: server_info, Значення: c5079925239f
INFO 2020-12-14 14:59:55,672 root : Ключ: client_info, Значення: {'user_agent': 'python-requests/2.25.0', 'user_ip': '172.17.0.1', 'user_host': ''}
INFO 2020-12-14 15:00:55,671 root : Сервер доступний. Час на сервері: 2020-12-14
INFO 2020-12-14 15:00:55,672 root : Запитувана сторінка: : http://localhost:8000/health/
INFO 2020-12-14 15:00:55,672 root : Відповідь сервера містить наступні поля:
INFO 2020-12-14 15:00:55,672 root : Ключ: date, Значення: 2020-12-14
INFO 2020-12-14 15:00:55,672 root : Ключ: current_page, Значення: http://localhost:8000/health/
INFO 2020-12-14 15:00:55,672 root : Ключ: server_info, Значення: c5079925239f
INFO 2020-12-14 15:00:55,672 root : Ключ: client_info, Значення: {'user_agent': 'python-requests/2.25.0', 'user_ip': '172.17.0.1', 'user_host': ''}